<?xml version="1.0" encoding="UTF-8"?>
<testng-results skipped="0" failed="0" ignored="0" total="2" passed="2">
  <reporter-output>
  </reporter-output>
  <suite name="Default suite" duration-ms="22887" started-at="2022-06-10T14:33:00 EDT" finished-at="2022-06-10T14:33:23 EDT">
    <groups>
    </groups>
    <test name="Default test" duration-ms="22887" started-at="2022-06-10T14:33:00 EDT" finished-at="2022-06-10T14:33:23 EDT">
      <class name="test.LoginPageTest">
        <test-method status="PASS" signature="setUp()[pri:0, instance:test.LoginPageTest@59e5ddf]" name="setUp" is-config="true" duration-ms="2542" started-at="2022-06-10T14:33:00 EDT" finished-at="2022-06-10T14:33:02 EDT">
          <reporter-output>
          </reporter-output>
        </test-method> <!-- setUp -->
        <test-method status="PASS" signature="loginTest()[pri:0, instance:test.LoginPageTest@59e5ddf]" name="loginTest" duration-ms="8561" started-at="2022-06-10T14:33:02 EDT" finished-at="2022-06-10T14:33:11 EDT">
          <reporter-output>
          </reporter-output>
        </test-method> <!-- loginTest -->
        <test-method status="PASS" signature="tearDown()[pri:0, instance:test.LoginPageTest@59e5ddf]" name="tearDown" is-config="true" duration-ms="647" started-at="2022-06-10T14:33:11 EDT" finished-at="2022-06-10T14:33:12 EDT">
          <reporter-output>
          </reporter-output>
        </test-method> <!-- tearDown -->
        <test-method status="PASS" signature="setUp()[pri:0, instance:test.LoginPageTest@59e5ddf]" name="setUp" is-config="true" duration-ms="1922" started-at="2022-06-10T14:33:12 EDT" finished-at="2022-06-10T14:33:13 EDT">
          <reporter-output>
          </reporter-output>
        </test-method> <!-- setUp -->
        <test-method status="PASS" signature="pageTitleTest()[pri:0, instance:test.LoginPageTest@59e5ddf]" name="pageTitleTest" duration-ms="8555" started-at="2022-06-10T14:33:13 EDT" finished-at="2022-06-10T14:33:22 EDT">
          <reporter-output>
          </reporter-output>
        </test-method> <!-- pageTitleTest -->
        <test-method status="PASS" signature="tearDown()[pri:0, instance:test.LoginPageTest@59e5ddf]" name="tearDown" is-config="true" duration-ms="629" started-at="2022-06-10T14:33:22 EDT" finished-at="2022-06-10T14:33:23 EDT">
          <reporter-output>
          </reporter-output>
        </test-method> <!-- tearDown -->
      </class> <!-- test.LoginPageTest -->
    </test> <!-- Default test -->
  </suite> <!-- Default suite -->
</testng-results>
